<?xml version="1.0" encoding="UTF-8"?>
<testsuite xmlns:xsi="http://www.w3.org/2001/XMLSchema-instance" xsi:noNamespaceSchemaLocation="https://maven.apache.org/surefire/maven-surefire-plugin/xsd/surefire-test-report-3.0.xsd" version="3.0" name="com.vev.ParkingTests" time="0.061" tests="7" errors="0" skipped="0" failures="0">
  <properties>
[...]
</properties>
  <testcase name="overnightHasDifferentPrice" classname="com.vev.ParkingTests" time="0.02"/>
  <testcase name="over120MinutesNotOvernightHasAdditionalFeeAndHalfForVIP" classname="com.vev.ParkingTests" time="0.001"/>
  <testcase name="upTo120MinutesIsFixedPriceAndHalfForVIP" classname="com.vev.ParkingTests" time="0.001"/>
  <testcase name="over120MinutesNotOvernightHasAdditionalFee" classname="com.vev.ParkingTests" time="0.002"/>
  <testcase name="upTo15MinutesIsFree" classname="com.vev.ParkingTests" time="0.001"/>
  <testcase name="overnightHasDifferentPriceAndHalfForVIP" classname="com.vev.ParkingTests" time="0.001"/>
  <testcase name="upTo120MinutesIsFixedPrice" classname="com.vev.ParkingTests" time="0.001"/>
</testsuite>